<?xml version="1.0" encoding="UTF-8"?>
<testng-results skipped="0" failed="0" ignored="0" total="1" passed="1">
  <reporter-output>
  </reporter-output>
  <suite name="Surefire suite" duration-ms="13822" started-at="2021-12-29T08:44:43 EET" finished-at="2021-12-29T08:44:56 EET">
    <groups>
    </groups>
    <test name="Surefire test" duration-ms="13822" started-at="2021-12-29T08:44:43 EET" finished-at="2021-12-29T08:44:56 EET">
      <class name="SmokeTest">
        <test-method status="PASS" signature="setUp()[pri:0, instance:SmokeTest@72b6cbcc]" name="setUp" is-config="true" duration-ms="3947" started-at="2021-12-29T08:44:43 EET" finished-at="2021-12-29T08:44:47 EET">
          <reporter-output>
          </reporter-output>
        </test-method> <!-- setUp -->
        <test-method status="PASS" signature="abc()[pri:0, instance:SmokeTest@72b6cbcc]" name="abc" duration-ms="9227" started-at="2021-12-29T08:44:47 EET" finished-at="2021-12-29T08:44:56 EET">
          <reporter-output>
          </reporter-output>
        </test-method> <!-- abc -->
        <test-method status="PASS" signature="closeWebPage()[pri:0, instance:SmokeTest@72b6cbcc]" name="closeWebPage" is-config="true" duration-ms="626" started-at="2021-12-29T08:44:56 EET" finished-at="2021-12-29T08:44:56 EET">
          <reporter-output>
          </reporter-output>
        </test-method> <!-- closeWebPage -->
      </class> <!-- SmokeTest -->
    </test> <!-- Surefire test -->
  </suite> <!-- Surefire suite -->
</testng-results>
